0 info it worked if it ends with ok
1 verbose cli [ '/usr/bin/node', '/usr/bin/npm', 'start' ]
2 info using npm@4.0.2
3 info using node@v6.9.1
4 verbose run-script [ 'prestart', 'start', 'poststart' ]
5 info lifecycle angular-tour-of-heroes@1.0.0~prestart: angular-tour-of-heroes@1.0.0
6 silly lifecycle angular-tour-of-heroes@1.0.0~prestart: no script for prestart, continuing
7 info lifecycle angular-tour-of-heroes@1.0.0~start: angular-tour-of-heroes@1.0.0
8 verbose lifecycle angular-tour-of-heroes@1.0.0~start: unsafe-perm in lifecycle true
9 verbose lifecycle angular-tour-of-heroes@1.0.0~start: PATH: /usr/lib/node_modules/npm/bin/node-gyp-bin:/home/cajetan/Programming/Web Development/Frameworks/Angular2/angular-tour-of-heroes/node_modules/.bin:/usr/local/sbin:/usr/local/bin:/usr/bin:/usr/lib/jvm/default/bin:/usr/bin/site_perl:/usr/bin/vendor_perl:/usr/bin/core_perl:/home/cajetan/Scripts:/home/cajetan/scripts:/home/cajetan/.config/bspwm/panel
10 verbose lifecycle angular-tour-of-heroes@1.0.0~start: CWD: /home/cajetan/Programming/Web Development/Frameworks/Angular2/angular-tour-of-heroes
11 silly lifecycle angular-tour-of-heroes@1.0.0~start: Args: [ '-c', 'tsc && concurrently "tsc -w" "lite-server" ' ]
12 silly lifecycle angular-tour-of-heroes@1.0.0~start: Returned: code: 2  signal: null
13 info lifecycle angular-tour-of-heroes@1.0.0~start: Failed to exec start script
14 verbose stack Error: angular-tour-of-heroes@1.0.0 start: `tsc && concurrently "tsc -w" "lite-server" `
14 verbose stack Exit status 2
14 verbose stack     at EventEmitter.<anonymous> (/usr/lib/node_modules/npm/lib/utils/lifecycle.js:279:16)
14 verbose stack     at emitTwo (events.js:106:13)
14 verbose stack     at EventEmitter.emit (events.js:191:7)
14 verbose stack     at ChildProcess.<anonymous> (/usr/lib/node_modules/npm/lib/utils/spawn.js:40:14)
14 verbose stack     at emitTwo (events.js:106:13)
14 verbose stack     at ChildProcess.emit (events.js:191:7)
14 verbose stack     at maybeClose (internal/child_process.js:877:16)
14 verbose stack     at Process.ChildProcess._handle.onexit (internal/child_process.js:226:5)
15 verbose pkgid angular-tour-of-heroes@1.0.0
16 verbose cwd /home/cajetan/Programming/Web Development/Frameworks/Angular2/angular-tour-of-heroes
17 error Linux 4.8.8-2-ARCH
18 error argv "/usr/bin/node" "/usr/bin/npm" "start"
19 error node v6.9.1
20 error npm  v4.0.2
21 error code ELIFECYCLE
22 error angular-tour-of-heroes@1.0.0 start: `tsc && concurrently "tsc -w" "lite-server" `
22 error Exit status 2
23 error Failed at the angular-tour-of-heroes@1.0.0 start script 'tsc && concurrently "tsc -w" "lite-server" '.
23 error Make sure you have the latest version of node.js and npm installed.
23 error If you do, this is most likely a problem with the angular-tour-of-heroes package,
23 error not with npm itself.
23 error Tell the author that this fails on your system:
23 error     tsc && concurrently "tsc -w" "lite-server"
23 error You can get information on how to open an issue for this project with:
23 error     npm bugs angular-tour-of-heroes
23 error Or if that isn't available, you can get their info via:
23 error     npm owner ls angular-tour-of-heroes
23 error There is likely additional logging output above.
24 verbose exit [ 1, true ]
